
Starting the DC solver at Fri Mar 27 11:22:22 2026
Creating the DC design
..parsing the options file 
..using NUMBER_OF_PROCESSORS = 12
..parsing the layout file 
..parsing the stimulus file 
..extracting the connectivity 
..extracting the substrate 
Initializing electric analysis
Electric analysis
..loading the electric component models
..electric matrix size: 31249
..loading the electric matrix equation
..solving the electric matrix equation
.........|.........|.........|.........|
..max voltage: 3.2973
..writing the output files
Electric N-port analysis
..number of ports: 27
..loading the electric component models
..electric matrix size: 31249
..loading the electric matrix equation
..solving the electric matrix equation
.........|.........|.........|.........|
..writing the model file
DC solver resources
..elapsed time: 1.1 s
..user time: 3.6 s
..physical memory: 93 MB
..virtual memory: 144 MB

